{
  "RSpec": {
    "coverage": {
      "/home/vagrant/eng_app/stationery_app/app/controllers/users_controller.rb": [
        1,
        null,
        null,
        null,
        1,
        9,
        null,
        null,
        1,
        2,
        null,
        null,
        1,
        1,
        null,
        null,
        1,
        0,
        0,
        0,
        0,
        null,
        0,
        null,
        null,
        null,
        1,
        2,
        2,
        2,
        2,
        2,
        null,
        0,
        null,
        null,
        null,
        1,
        1,
        1,
        0,
        null,
        1,
        1,
        1,
        null,
        null,
        null,
        1,
        1,
        1,
        1,
        1,
        1,
        null,
        0,
        null,
        null,
        null,
        null,
        1,
        null,
        0,
        0,
        0,
        0,
        null,
        0,
        null,
        null,
        null,
        1,
        0,
        0,
        0,
        0,
        0,
        0,
        0,
        0,
        0,
        null,
        0,
        0,
        0,
        null,
        0,
        null,
        null,
        null,
        null,
        0,
        null,
        null,
        null,
        1,
        0,
        0,
        0,
        null,
        null,
        1,
        null,
        1,
        2,
        null,
        null,
        null,
        null,
        null
      ],
      "/home/vagrant/eng_app/stationery_app/app/controllers/application_controller.rb": [
        1,
        1,
        1,
        null,
        null,
        1,
        3,
        3,
        null,
        null,
        null,
        1,
        0,
        0,
        0,
        null,
        null,
        null,
        null
      ],
      "/home/vagrant/eng_app/stationery_app/app/controllers/sessions_controller.rb": [
        1,
        null,
        1,
        null,
        null,
        1,
        7,
        null,
        7,
        null,
        0,
        0,
        null,
        null,
        7,
        0,
        0,
        null,
        null,
        7,
        7,
        7,
        null,
        0,
        0,
        null,
        null,
        null,
        null,
        null,
        1,
        0,
        0,
        null,
        null
      ],
      "/home/vagrant/eng_app/stationery_app/app/models/buy_item.rb": [
        1,
        1,
        1,
        null,
        null
      ],
      "/home/vagrant/eng_app/stationery_app/app/controllers/stationery_controller.rb": [
        1,
        1,
        1,
        null,
        null,
        1,
        0,
        0,
        null,
        null,
        1,
        0,
        0,
        0,
        null,
        null,
        1,
        null,
        2,
        0,
        0,
        null,
        null,
        2,
        null,
        null,
        null,
        1,
        0,
        0,
        0,
        null,
        null,
        1,
        0,
        null,
        0,
        0,
        0,
        null,
        0,
        null,
        null,
        null,
        1,
        0,
        null,
        null,
        1,
        0,
        0,
        0,
        0,
        null,
        0,
        null,
        null,
        null,
        1,
        0,
        0,
        0,
        0,
        0,
        0,
        0,
        0,
        0,
        null,
        0,
        0,
        null,
        null,
        null,
        null,
        1,
        null,
        1,
        0,
        null,
        null,
        null,
        1,
        0,
        null,
        null,
        1,
        0,
        null,
        null,
        null
      ],
      "/home/vagrant/eng_app/stationery_app/app/models/stationery.rb": [
        1,
        1,
        1,
        1,
        1,
        1,
        1,
        1,
        1,
        1,
        1,
        null,
        1,
        1,
        1,
        1,
        1,
        null,
        1,
        1,
        1,
        null,
        null,
        1,
        2,
        0,
        null,
        null,
        2,
        null,
        null,
        null,
        null,
        null,
        null
      ],
      "/home/vagrant/eng_app/stationery_app/app/models/category.rb": [
        1,
        1,
        1,
        1,
        null,
        null,
        null,
        null
      ],
      "/home/vagrant/eng_app/stationery_app/app/controllers/rankings_controller.rb": [
        1,
        null,
        1,
        null,
        null,
        null,
        null,
        null,
        null,
        null,
        null,
        null,
        null,
        null,
        null,
        null,
        null,
        1,
        null,
        null,
        null
      ],
      "/home/vagrant/eng_app/stationery_app/app/models/ranking.rb": [
        1,
        1,
        null
      ]
    },
    "timestamp": 1574936994
  }
}
